<?xml version="1.0" encoding="UTF-8"?>
<testng-results skipped="0" failed="0" ignored="0" total="1" passed="1">
  <reporter-output>
  </reporter-output>
  <suite name="com.qa.roughwork.CallBrowserTest" duration-ms="6598" started-at="2022-02-05T12:55:12 GST" finished-at="2022-02-05T12:55:19 GST">
    <groups>
    </groups>
    <test name="Command line test" duration-ms="6598" started-at="2022-02-05T12:55:12 GST" finished-at="2022-02-05T12:55:19 GST">
      <class name="com.qa.roughwork.CallBrowserTest">
        <test-method status="PASS" signature="test()[pri:0, instance:com.qa.roughwork.CallBrowserTest@1018bde2]" name="test" duration-ms="6540" started-at="2022-02-05T12:55:12 GST" finished-at="2022-02-05T12:55:19 GST">
          <reporter-output>
          </reporter-output>
        </test-method> <!-- test -->
      </class> <!-- com.qa.roughwork.CallBrowserTest -->
    </test> <!-- Command line test -->
  </suite> <!-- com.qa.roughwork.CallBrowserTest -->
</testng-results>
