<?xml version="1.0" encoding="UTF-8"?>
<testng-results skipped="0" failed="0" ignored="0" total="2" passed="2">
  <reporter-output>
  </reporter-output>
  <suite name="Default suite" duration-ms="1976" started-at="2022-02-06T00:13:23 GST" finished-at="2022-02-06T00:13:25 GST">
    <groups>
    </groups>
    <test name="Default test" duration-ms="1976" started-at="2022-02-06T00:13:23 GST" finished-at="2022-02-06T00:13:25 GST">
      <class name="com.blaze.testcases.LoginPageTestCases">
        <test-method status="PASS" signature="setUp()[pri:0, instance:com.blaze.testcases.LoginPageTestCases@242b836]" name="setUp" is-config="true" duration-ms="7697" started-at="2022-02-06T00:13:15 GST" finished-at="2022-02-06T00:13:23 GST">
          <reporter-output>
          </reporter-output>
        </test-method> <!-- setUp -->
        <test-method status="PASS" signature="do_loginTest()[pri:9, instance:com.blaze.testcases.LoginPageTestCases@242b836]" name="do_loginTest" duration-ms="1818" started-at="2022-02-06T00:13:23 GST" finished-at="2022-02-06T00:13:25 GST">
          <reporter-output>
          </reporter-output>
        </test-method> <!-- do_loginTest -->
        <test-method status="PASS" signature="do_URLVerificationTest()[pri:10, instance:com.blaze.testcases.LoginPageTestCases@242b836]" name="do_URLVerificationTest" duration-ms="32" started-at="2022-02-06T00:13:25 GST" finished-at="2022-02-06T00:13:25 GST">
          <reporter-output>
          </reporter-output>
        </test-method> <!-- do_URLVerificationTest -->
      </class> <!-- com.blaze.testcases.LoginPageTestCases -->
    </test> <!-- Default test -->
  </suite> <!-- Default suite -->
</testng-results>
