<?xml version="1.0" encoding="UTF-8"?>
<!-- Generated by org.testng.reporters.JUnitXMLReporter -->
<testsuite hostname="DESKTOP-NMGB7R5" ignored="0" name="BlazeDemo_DataDrivenApproach" tests="5" failures="0" timestamp="2022-02-05T15:54:58 GST" time="25.554" errors="0">
  <testcase name="do_loginTest" time="1.402" classname="com.blaze.testcases.LoginPageTestCases"/>
  <testcase name="do_URLVerificationTest" time="0.097" classname="com.blaze.testcases.LoginPageTestCases"/>
  <testcase name="do_AddProductToCartTest" time="6.095" classname="com.blaze.testcases.ProductPageTestCases"/>
  <testcase name="do_PlaceOrderTest" time="2.577" classname="com.blaze.testcases.ProductPageTestCases"/>
  <testcase name="do_PlaceOrderTest" time="2.663" classname="com.blaze.testcases.CartPageTestCases"/>
</testsuite> <!-- BlazeDemo_DataDrivenApproach -->
